<?xml version="1.0" encoding="UTF-8"?>
<!-- Generated by org.testng.reporters.JUnitReportReporter -->
<testsuite hostname="Acer_qa_aspire" failures="0" tests="4" name="api.test.UserTests" time="8.893" errors="0" timestamp="2024-01-02T17:27:10 IST" skipped="0">
  <testcase classname="api.test.UserTests" name="testCreateUser" time="3.171"/>
  <system-out/>
  <testcase classname="api.test.UserTests" name="testgetUSerByName" time="1.170"/>
  <system-out/>
  <testcase classname="api.test.UserTests" name="testUpdateUSerByName" time="2.321"/>
  <system-out/>
  <testcase classname="api.test.UserTests" name="testDeleteUSerByName" time="2.231"/>
  <system-out/>
</testsuite> <!-- api.test.UserTests -->
