<?xml version="1.0" encoding="UTF-8"?>
<!-- Generated by org.testng.reporters.JUnitReportReporter -->
<testsuite hostname="Acer_qa_aspire" failures="0" tests="4" name="api.test.PetStoreOrders" time="6.818" errors="0" timestamp="2024-01-16T12:51:57 IST" skipped="0">
  <testcase classname="api.test.PetStoreOrders" name="testCreate" time="3.341"/>
  <system-out/>
  <testcase classname="api.test.PetStoreOrders" name="testgetorderdetails" time="1.150"/>
  <system-out/>
  <testcase classname="api.test.PetStoreOrders" name="testgetinventorydetails" time="1.170"/>
  <system-out/>
  <testcase classname="api.test.PetStoreOrders" name="testdeleteorderbyid" time="1.157"/>
  <system-out/>
</testsuite> <!-- api.test.PetStoreOrders -->
