<?xml version="1.0" encoding="UTF-8"?>
<!-- Generated by org.testng.reporters.JUnitReportReporter -->
<testsuite hostname="Acer_qa_aspire" failures="0" tests="12" name="api.test.DDTests" time="21.437" errors="0" timestamp="2024-01-02T10:44:50 IST" skipped="0">
  <testcase classname="api.test.DDTests" name="testPostuser" time="1.198"/>
  <system-out/>
  <testcase classname="api.test.DDTests" name="testPostuser" time="1.118"/>
  <system-out/>
  <testcase classname="api.test.DDTests" name="testPostuser" time="4.282"/>
  <system-out/>
  <testcase classname="api.test.DDTests" name="testViewUserDetails" time="1.157"/>
  <system-out/>
  <testcase classname="api.test.DDTests" name="testViewUserDetails" time="1.134"/>
  <system-out/>
  <testcase classname="api.test.DDTests" name="testViewUserDetails" time="1.228"/>
  <system-out/>
  <testcase classname="api.test.DDTests" name="testUpdateUserDetails" time="2.739"/>
  <system-out/>
  <testcase classname="api.test.DDTests" name="testUpdateUserDetails" time="2.266"/>
  <system-out/>
  <testcase classname="api.test.DDTests" name="testUpdateUserDetails" time="2.869"/>
  <system-out/>
  <testcase classname="api.test.DDTests" name="testDeleteUser" time="1.170"/>
  <system-out/>
  <testcase classname="api.test.DDTests" name="testDeleteUser" time="1.124"/>
  <system-out/>
  <testcase classname="api.test.DDTests" name="testDeleteUser" time="1.152"/>
  <system-out/>
</testsuite> <!-- api.test.DDTests -->
