<?xml version="1.0" encoding="UTF-8"?>
<!-- Generated by org.testng.reporters.JUnitReportReporter -->
<testsuite hostname="Acer_qa_aspire" failures="0" tests="4" name="api.test.UserTests2" time="10.368" errors="0" timestamp="2024-01-02T19:04:45 IST" skipped="0">
  <testcase classname="api.test.UserTests2" name="testCreateUser" time="4.425"/>
  <system-out/>
  <testcase classname="api.test.UserTests2" name="testgetUSerByName" time="1.247"/>
  <system-out/>
  <testcase classname="api.test.UserTests2" name="testUpdateUSerByName" time="2.352"/>
  <system-out/>
  <testcase classname="api.test.UserTests2" name="testDeleteUSerByName" time="2.344"/>
  <system-out/>
</testsuite> <!-- api.test.UserTests2 -->
