<?xml version="1.0" encoding="UTF-8"?>
<!-- Generated by org.testng.reporters.JUnitReportReporter -->
<testsuite hostname="Acer_qa_aspire" failures="0" tests="4" name="api.test.UserTests2" time="8.321" errors="0" timestamp="2024-01-13T23:00:51 IST" skipped="0">
  <testcase classname="api.test.UserTests2" name="testCreateUser" time="2.610"/>
  <system-out/>
  <testcase classname="api.test.UserTests2" name="testgetUSerByName" time="1.223"/>
  <system-out/>
  <testcase classname="api.test.UserTests2" name="testUpdateUSerByName" time="2.255"/>
  <system-out/>
  <testcase classname="api.test.UserTests2" name="testDeleteUSerByName" time="2.233"/>
  <system-out/>
</testsuite> <!-- api.test.UserTests2 -->
