<?xml version="1.0" encoding="UTF-8"?>
<!-- Generated by org.testng.reporters.JUnitReportReporter -->
<testsuite hostname="Acer_qa_aspire" failures="0" tests="4" name="api.test.UserTests2" time="8.303" errors="0" timestamp="2024-01-03T21:31:18 IST" skipped="0">
  <testcase classname="api.test.UserTests2" name="testCreateUser" time="2.801"/>
  <system-out/>
  <testcase classname="api.test.UserTests2" name="testgetUSerByName" time="1.093"/>
  <system-out/>
  <testcase classname="api.test.UserTests2" name="testUpdateUSerByName" time="2.232"/>
  <system-out/>
  <testcase classname="api.test.UserTests2" name="testDeleteUSerByName" time="2.177"/>
  <system-out/>
</testsuite> <!-- api.test.UserTests2 -->
