<?xml version="1.0" encoding="UTF-8"?>
<!-- Generated by org.testng.reporters.JUnitReportReporter -->
<testsuite hostname="Acer_qa_aspire" failures="0" tests="4" name="api.test.UserTests2" time="11.248" errors="0" timestamp="2024-01-03T22:04:25 IST" skipped="0">
  <testcase classname="api.test.UserTests2" name="testCreateUser" time="4.401"/>
  <system-out/>
  <testcase classname="api.test.UserTests2" name="testgetUSerByName" time="1.133"/>
  <system-out/>
  <testcase classname="api.test.UserTests2" name="testUpdateUSerByName" time="3.166"/>
  <system-out/>
  <testcase classname="api.test.UserTests2" name="testDeleteUSerByName" time="2.548"/>
  <system-out/>
</testsuite> <!-- api.test.UserTests2 -->
